<?xml version="1.0" encoding="utf-8"?>
<test-run id="2" name="Test.exe" fullname="C:/Users/jsiedersberger/Desktop/Projects/DoublyLinkedList/Test/bin/Debug/Test.exe" testcasecount="18" result="Passed" start-time="2018-02-26 12:19:10Z" end-time="2018-02-26 12:19:11Z" duration="0.656095" total="18" passed="18" failed="0" inconclusive="0" skipped="0" asserts="58" random-seed="1017337188">
  <command-line><![CDATA["C:\Users\jsiedersberger\Desktop\Projects\DoublyLinkedList\Test\bin\Debug\Test.exe"   ]]></command-line>
  <filter />
  <test-suite type="Assembly" id="1019" name="Test.exe" fullname="C:/Users/jsiedersberger/Desktop/Projects/DoublyLinkedList/Test/bin/Debug/Test.exe" runstate="Runnable" testcasecount="18" result="Passed" start-time="2018-02-26 12:19:10Z" end-time="2018-02-26 12:19:11Z" duration="0.656095" total="18" passed="18" failed="0" warnings="0" inconclusive="0" skipped="0" asserts="58">
    <environment framework-version="3.7.1.0" clr-version="4.0.30319.42000" os-version="Microsoft Windows NT 6.2.9200.0" platform="Win32NT" cwd="C:\Users\jsiedersberger\Desktop\Projects\DoublyLinkedList\Test\bin\Debug" machine-name="W-SIEDERSB-10" user="jsiedersberger" user-domain="DE" culture="de-DE" uiculture="de-DE" os-architecture="x86" />
    <settings>
      <setting name="WorkDirectory" value="C:\Users\jsiedersberger\Desktop\Projects\DoublyLinkedList\Test\bin\Debug" />
      <setting name="NumberOfTestWorkers" value="2" />
    </settings>
    <properties>
      <property name="_PID" value="7724" />
      <property name="_APPDOMAIN" value="Test.exe" />
    </properties>
    <test-suite type="TestSuite" id="1020" name="Test" fullname="Test" runstate="Runnable" testcasecount="18" result="Passed" start-time="2018-02-26 12:19:10Z" end-time="2018-02-26 12:19:11Z" duration="0.626417" total="18" passed="18" failed="0" warnings="0" inconclusive="0" skipped="0" asserts="58">
      <test-suite type="TestFixture" id="1000" name="Test+Test1" fullname="Test.Test+Test1" classname="Test.Test+Test1" runstate="Runnable" testcasecount="18" result="Passed" start-time="2018-02-26 12:19:10Z" end-time="2018-02-26 12:19:11Z" duration="0.595331" total="18" passed="18" failed="0" warnings="0" inconclusive="0" skipped="0" asserts="58">
        <test-case id="1001" name="TestAdd" fullname="Test.Test+Test1.TestAdd" methodname="TestAdd" classname="Test.Test+Test1" runstate="Runnable" seed="1716514297" result="Passed" start-time="2018-02-26 12:19:10Z" end-time="2018-02-26 12:19:10Z" duration="0.026388" asserts="3" />
        <test-case id="1002" name="TestAddString" fullname="Test.Test+Test1.TestAddString" methodname="TestAddString" classname="Test.Test+Test1" runstate="Runnable" seed="1846887372" result="Passed" start-time="2018-02-26 12:19:10Z" end-time="2018-02-26 12:19:10Z" duration="0.001987" asserts="3" />
        <test-case id="1003" name="TestExists" fullname="Test.Test+Test1.TestExists" methodname="TestExists" classname="Test.Test+Test1" runstate="Runnable" seed="1151043363" result="Passed" start-time="2018-02-26 12:19:10Z" end-time="2018-02-26 12:19:10Z" duration="0.003265" asserts="3" />
        <test-case id="1004" name="TestExistsString" fullname="Test.Test+Test1.TestExistsString" methodname="TestExistsString" classname="Test.Test+Test1" runstate="Runnable" seed="1945707161" result="Passed" start-time="2018-02-26 12:19:10Z" end-time="2018-02-26 12:19:10Z" duration="0.001319" asserts="3" />
        <test-case id="1007" name="TestGet" fullname="Test.Test+Test1.TestGet" methodname="TestGet" classname="Test.Test+Test1" runstate="Runnable" seed="909046476" result="Passed" start-time="2018-02-26 12:19:10Z" end-time="2018-02-26 12:19:10Z" duration="0.017968" asserts="4" />
        <test-case id="1008" name="TestGetString" fullname="Test.Test+Test1.TestGetString" methodname="TestGetString" classname="Test.Test+Test1" runstate="Runnable" seed="826323909" result="Passed" start-time="2018-02-26 12:19:10Z" end-time="2018-02-26 12:19:10Z" duration="0.001894" asserts="4" />
        <test-case id="1017" name="TestInsert" fullname="Test.Test+Test1.TestInsert" methodname="TestInsert" classname="Test.Test+Test1" runstate="Runnable" seed="1196152607" result="Passed" start-time="2018-02-26 12:19:10Z" end-time="2018-02-26 12:19:10Z" duration="0.000859" asserts="6" />
        <test-case id="1018" name="TestInsertString" fullname="Test.Test+Test1.TestInsertString" methodname="TestInsertString" classname="Test.Test+Test1" runstate="Runnable" seed="443401806" result="Passed" start-time="2018-02-26 12:19:10Z" end-time="2018-02-26 12:19:10Z" duration="0.000899" asserts="6" />
        <test-case id="1005" name="TestLength" fullname="Test.Test+Test1.TestLength" methodname="TestLength" classname="Test.Test+Test1" runstate="Runnable" seed="2093274978" result="Passed" start-time="2018-02-26 12:19:10Z" end-time="2018-02-26 12:19:10Z" duration="0.000343" asserts="1" />
        <test-case id="1006" name="TestLengthString" fullname="Test.Test+Test1.TestLengthString" methodname="TestLengthString" classname="Test.Test+Test1" runstate="Runnable" seed="1470536455" result="Passed" start-time="2018-02-26 12:19:10Z" end-time="2018-02-26 12:19:10Z" duration="0.000595" asserts="1" />
        <test-case id="1009" name="TestRemoveAtBeginning" fullname="Test.Test+Test1.TestRemoveAtBeginning" methodname="TestRemoveAtBeginning" classname="Test.Test+Test1" runstate="Runnable" seed="1519983984" result="Passed" start-time="2018-02-26 12:19:10Z" end-time="2018-02-26 12:19:10Z" duration="0.000893" asserts="3" />
        <test-case id="1010" name="TestRemoveAtBeginningString" fullname="Test.Test+Test1.TestRemoveAtBeginningString" methodname="TestRemoveAtBeginningString" classname="Test.Test+Test1" runstate="Runnable" seed="1249241903" result="Passed" start-time="2018-02-26 12:19:10Z" end-time="2018-02-26 12:19:10Z" duration="0.000756" asserts="3" />
        <test-case id="1013" name="TestRemoveAtEnd" fullname="Test.Test+Test1.TestRemoveAtEnd" methodname="TestRemoveAtEnd" classname="Test.Test+Test1" runstate="Runnable" seed="937039771" result="Passed" start-time="2018-02-26 12:19:10Z" end-time="2018-02-26 12:19:10Z" duration="0.000473" asserts="3" />
        <test-case id="1014" name="TestRemoveAtEndString" fullname="Test.Test+Test1.TestRemoveAtEndString" methodname="TestRemoveAtEndString" classname="Test.Test+Test1" runstate="Runnable" seed="259564947" result="Passed" start-time="2018-02-26 12:19:10Z" end-time="2018-02-26 12:19:10Z" duration="0.000484" asserts="3" />
        <test-case id="1011" name="TestRemoveAtMiddle" fullname="Test.Test+Test1.TestRemoveAtMiddle" methodname="TestRemoveAtMiddle" classname="Test.Test+Test1" runstate="Runnable" seed="1661572046" result="Passed" start-time="2018-02-26 12:19:10Z" end-time="2018-02-26 12:19:10Z" duration="0.000497" asserts="3" />
        <test-case id="1012" name="TestRemoveAtMiddleString" fullname="Test.Test+Test1.TestRemoveAtMiddleString" methodname="TestRemoveAtMiddleString" classname="Test.Test+Test1" runstate="Runnable" seed="343213871" result="Passed" start-time="2018-02-26 12:19:10Z" end-time="2018-02-26 12:19:10Z" duration="0.000545" asserts="3" />
        <test-case id="1015" name="TestReplace" fullname="Test.Test+Test1.TestReplace" methodname="TestReplace" classname="Test.Test+Test1" runstate="Runnable" seed="1652664960" result="Passed" start-time="2018-02-26 12:19:10Z" end-time="2018-02-26 12:19:10Z" duration="0.000803" asserts="3" />
        <test-case id="1016" name="TestReplaceString" fullname="Test.Test+Test1.TestReplaceString" methodname="TestReplaceString" classname="Test.Test+Test1" runstate="Runnable" seed="1885502963" result="Passed" start-time="2018-02-26 12:19:10Z" end-time="2018-02-26 12:19:10Z" duration="0.000798" asserts="3" />
      </test-suite>
    </test-suite>
  </test-suite>
</test-run>